

Started GET "/" for 127.0.0.1 at 2023-12-06 07:20:46 -0500


Started GET "/movies" for 127.0.0.1 at 2023-12-06 07:20:47 -0500
Processing by MoviesController#index as HTML
Redirected to http://localhost:3000/movies?ratings%5BG%5D=1&ratings%5BPG%5D=1&ratings%5BPG-13%5D=1&ratings%5BR%5D=1&sort_by=id
Filter chain halted as :force_index_redirect rendered or redirected
Completed 302 Found in 87ms (ActiveRecord: 0.0ms)


Started GET "/movies?ratings%5BG%5D=1&ratings%5BPG%5D=1&ratings%5BPG-13%5D=1&ratings%5BR%5D=1&sort_by=id" for 127.0.0.1 at 2023-12-06 07:20:47 -0500
Processing by MoviesController#index as HTML
  Parameters: {"ratings"=>{"G"=>"1", "PG"=>"1", "PG-13"=>"1", "R"=>"1"}, "sort_by"=>"id"}
  [1m[36mMovie Load (1.4ms)[0m  [1mSELECT "movies".* FROM "movies" WHERE "movies"."rating" IN ('G', 'PG', 'PG-13', 'R')  ORDER BY id[0m
  Rendered movies/index.html.erb within layouts/application (25.2ms)
Completed 500 Internal Server Error in 67ms (ActiveRecord: 7.6ms)

ActionView::Template::Error (SQLite3::SQLException: no such table: movies: SELECT "movies".* FROM "movies" WHERE "movies"."rating" IN ('G', 'PG', 'PG-13', 'R')  ORDER BY id):
    33:     </tr>
    34:   </thead>
    35:   <tbody>
    36:     <% @movies.each do |movie| %>
    37:       <tr>
    38:         <td>
    39:           <%= movie.title %>
  app/views/movies/index.html.erb:36:in `_app_views_movies_index_html_erb___1560225092286498085_69937439737860'


  Rendered /home/arturo/.rbenv/versions/2.6.6/lib/ruby/gems/2.6.0/gems/actionpack-4.2.11/lib/action_dispatch/middleware/templates/rescues/_source.erb (13.4ms)
  Rendered /home/arturo/.rbenv/versions/2.6.6/lib/ruby/gems/2.6.0/gems/actionpack-4.2.11/lib/action_dispatch/middleware/templates/rescues/_trace.html.erb (6.2ms)
  Rendered /home/arturo/.rbenv/versions/2.6.6/lib/ruby/gems/2.6.0/gems/actionpack-4.2.11/lib/action_dispatch/middleware/templates/rescues/_request_and_response.html.erb (3.4ms)
  Rendered /home/arturo/.rbenv/versions/2.6.6/lib/ruby/gems/2.6.0/gems/actionpack-4.2.11/lib/action_dispatch/middleware/templates/rescues/template_error.html.erb within rescues/layout (49.5ms)
  Rendered /home/arturo/.rbenv/versions/2.6.6/lib/ruby/gems/2.6.0/gems/web-console-2.3.0/lib/web_console/templates/_markup.html.erb (0.9ms)
  Rendered /home/arturo/.rbenv/versions/2.6.6/lib/ruby/gems/2.6.0/gems/web-console-2.3.0/lib/web_console/templates/_inner_console_markup.html.erb within layouts/inlined_string (0.7ms)
  Rendered /home/arturo/.rbenv/versions/2.6.6/lib/ruby/gems/2.6.0/gems/web-console-2.3.0/lib/web_console/templates/_prompt_box_markup.html.erb within layouts/inlined_string (0.6ms)
  Rendered /home/arturo/.rbenv/versions/2.6.6/lib/ruby/gems/2.6.0/gems/web-console-2.3.0/lib/web_console/templates/style.css.erb within layouts/inlined_string (0.7ms)
  Rendered /home/arturo/.rbenv/versions/2.6.6/lib/ruby/gems/2.6.0/gems/web-console-2.3.0/lib/web_console/templates/console.js.erb within layouts/javascript (43.4ms)
  Rendered /home/arturo/.rbenv/versions/2.6.6/lib/ruby/gems/2.6.0/gems/web-console-2.3.0/lib/web_console/templates/main.js.erb within layouts/javascript (0.8ms)
  Rendered /home/arturo/.rbenv/versions/2.6.6/lib/ruby/gems/2.6.0/gems/web-console-2.3.0/lib/web_console/templates/error_page.js.erb within layouts/javascript (0.8ms)
  Rendered /home/arturo/.rbenv/versions/2.6.6/lib/ruby/gems/2.6.0/gems/web-console-2.3.0/lib/web_console/templates/index.html.erb (82.8ms)
  [1m[36m (8.4ms)[0m  [1mCREATE TABLE "schema_migrations" ("version" varchar NOT NULL) [0m
  [1m[35m (0.2ms)[0m  select sqlite_version(*)
  [1m[36m (8.0ms)[0m  [1mCREATE UNIQUE INDEX "unique_schema_migrations" ON "schema_migrations" ("version")[0m
  [1m[35mActiveRecord::SchemaMigration Load (0.2ms)[0m  SELECT "schema_migrations".* FROM "schema_migrations"
Migrating to CreateMovies (20111119180638)
  [1m[36m (0.1ms)[0m  [1mbegin transaction[0m
DEPRECATION WARNING: `#timestamps` was called without specifying an option for `null`. In Rails 5, this behavior will change to `null: false`. You should manually specify `null: true` to prevent the behavior of your existing migrations from changing. (called from block in up at /home/arturo/Downloads/PracticaCalificada5-CC3S2/BDD-Cucumber/db/migrate/20111119180638_create_movies.rb:10)
  [1m[35m (0.6ms)[0m  CREATE TABLE "movies" ("id" INTEGER PRIMARY KEY AUTOINCREMENT NOT NULL, "title" varchar, "rating" varchar, "description" text, "release_date" datetime, "created_at" datetime, "updated_at" datetime) 
  [1m[36mSQL (0.3ms)[0m  [1mINSERT INTO "schema_migrations" ("version") VALUES (?)[0m  [["version", "20111119180638"]]
  [1m[35m (8.1ms)[0m  commit transaction
  [1m[36mActiveRecord::SchemaMigration Load (0.2ms)[0m  [1mSELECT "schema_migrations".* FROM "schema_migrations"[0m


Started GET "/" for 127.0.0.1 at 2023-12-06 07:26:29 -0500


Started GET "/movies" for 127.0.0.1 at 2023-12-06 07:26:29 -0500
Processing by MoviesController#index as HTML
Redirected to http://localhost:3000/movies?ratings%5BG%5D=1&ratings%5BPG%5D=1&ratings%5BPG-13%5D=1&ratings%5BR%5D=1&sort_by=id
Filter chain halted as :force_index_redirect rendered or redirected
Completed 302 Found in 83ms (ActiveRecord: 0.0ms)


Started GET "/movies?ratings%5BG%5D=1&ratings%5BPG%5D=1&ratings%5BPG-13%5D=1&ratings%5BR%5D=1&sort_by=id" for 127.0.0.1 at 2023-12-06 07:26:30 -0500
Processing by MoviesController#index as HTML
  Parameters: {"ratings"=>{"G"=>"1", "PG"=>"1", "PG-13"=>"1", "R"=>"1"}, "sort_by"=>"id"}
  [1m[36mMovie Load (0.3ms)[0m  [1mSELECT "movies".* FROM "movies" WHERE "movies"."rating" IN ('G', 'PG', 'PG-13', 'R')  ORDER BY id[0m
  Rendered movies/index.html.erb within layouts/application (29.6ms)
  Rendered layouts/_flash.erb (1.1ms)
Completed 200 OK in 1081ms (Views: 1062.9ms | ActiveRecord: 6.0ms)


Started GET "/assets/application.self-e80e8f2318043e8af94dddc2adad5a4f09739a8ebb323b3ab31cd71d45fd9113.css?body=1" for 127.0.0.1 at 2023-12-06 07:26:31 -0500


Started GET "/assets/jquery.self-bd7ddd393353a8d2480a622e80342adf488fb6006d667e8b42e4c0073393abee.js?body=1" for 127.0.0.1 at 2023-12-06 07:26:31 -0500


Started GET "/assets/jquery_ujs.self-784a997f6726036b1993eb2217c9cb558e1cbb801c6da88105588c56f13b466a.js?body=1" for 127.0.0.1 at 2023-12-06 07:26:31 -0500


Started GET "/assets/application.self-377610cd7c1509e934744c810e3b4cf672dfbcacac3274e7d039827e2ae0fcc7.js?body=1" for 127.0.0.1 at 2023-12-06 07:26:31 -0500


Started GET "/movies/99999" for 127.0.0.1 at 2023-12-06 07:28:40 -0500
Processing by MoviesController#show as HTML
  Parameters: {"id"=>"99999"}
  [1m[35mMovie Load (0.4ms)[0m  SELECT  "movies".* FROM "movies" WHERE "movies"."id" = ? LIMIT 1  [["id", 99999]]
Completed 404 Not Found in 8ms (ActiveRecord: 0.8ms)

ActiveRecord::RecordNotFound (Couldn't find Movie with 'id'=99999):
  app/controllers/movies_controller.rb:6:in `show'


  Rendered /home/arturo/.rbenv/versions/2.6.6/lib/ruby/gems/2.6.0/gems/actionpack-4.2.11/lib/action_dispatch/middleware/templates/rescues/_source.erb (10.4ms)
  Rendered /home/arturo/.rbenv/versions/2.6.6/lib/ruby/gems/2.6.0/gems/actionpack-4.2.11/lib/action_dispatch/middleware/templates/rescues/_trace.html.erb (6.6ms)
  Rendered /home/arturo/.rbenv/versions/2.6.6/lib/ruby/gems/2.6.0/gems/actionpack-4.2.11/lib/action_dispatch/middleware/templates/rescues/_request_and_response.html.erb (3.3ms)
  Rendered /home/arturo/.rbenv/versions/2.6.6/lib/ruby/gems/2.6.0/gems/actionpack-4.2.11/lib/action_dispatch/middleware/templates/rescues/diagnostics.html.erb within rescues/layout (44.7ms)
  Rendered /home/arturo/.rbenv/versions/2.6.6/lib/ruby/gems/2.6.0/gems/web-console-2.3.0/lib/web_console/templates/_markup.html.erb (0.9ms)
  Rendered /home/arturo/.rbenv/versions/2.6.6/lib/ruby/gems/2.6.0/gems/web-console-2.3.0/lib/web_console/templates/_inner_console_markup.html.erb within layouts/inlined_string (0.8ms)
  Rendered /home/arturo/.rbenv/versions/2.6.6/lib/ruby/gems/2.6.0/gems/web-console-2.3.0/lib/web_console/templates/_prompt_box_markup.html.erb within layouts/inlined_string (0.6ms)
  Rendered /home/arturo/.rbenv/versions/2.6.6/lib/ruby/gems/2.6.0/gems/web-console-2.3.0/lib/web_console/templates/style.css.erb within layouts/inlined_string (0.9ms)
  Rendered /home/arturo/.rbenv/versions/2.6.6/lib/ruby/gems/2.6.0/gems/web-console-2.3.0/lib/web_console/templates/console.js.erb within layouts/javascript (40.1ms)
  Rendered /home/arturo/.rbenv/versions/2.6.6/lib/ruby/gems/2.6.0/gems/web-console-2.3.0/lib/web_console/templates/main.js.erb within layouts/javascript (0.7ms)
  Rendered /home/arturo/.rbenv/versions/2.6.6/lib/ruby/gems/2.6.0/gems/web-console-2.3.0/lib/web_console/templates/error_page.js.erb within layouts/javascript (1.0ms)
  Rendered /home/arturo/.rbenv/versions/2.6.6/lib/ruby/gems/2.6.0/gems/web-console-2.3.0/lib/web_console/templates/index.html.erb (68.4ms)


Started GET "/" for 127.0.0.1 at 2023-12-06 07:38:12 -0500


Started GET "/movies" for 127.0.0.1 at 2023-12-06 07:38:12 -0500

SyntaxError (/home/arturo/Downloads/PracticaCalificada5-CC3S2/BDD-Cucumber/app/controllers/movies_controller.rb:76: syntax error, unexpected end-of-input, expecting end):
  app/controllers/movies_controller.rb:76: syntax error, unexpected end-of-input, expecting end


  Rendered /home/arturo/.rbenv/versions/2.6.6/lib/ruby/gems/2.6.0/gems/actionpack-4.2.11/lib/action_dispatch/middleware/templates/rescues/_source.erb (13.2ms)
  Rendered /home/arturo/.rbenv/versions/2.6.6/lib/ruby/gems/2.6.0/gems/actionpack-4.2.11/lib/action_dispatch/middleware/templates/rescues/_trace.html.erb (8.2ms)
  Rendered /home/arturo/.rbenv/versions/2.6.6/lib/ruby/gems/2.6.0/gems/actionpack-4.2.11/lib/action_dispatch/middleware/templates/rescues/_request_and_response.html.erb (26.3ms)
  Rendered /home/arturo/.rbenv/versions/2.6.6/lib/ruby/gems/2.6.0/gems/actionpack-4.2.11/lib/action_dispatch/middleware/templates/rescues/diagnostics.html.erb within rescues/layout (79.6ms)
  Rendered /home/arturo/.rbenv/versions/2.6.6/lib/ruby/gems/2.6.0/gems/web-console-2.3.0/lib/web_console/templates/_markup.html.erb (1.1ms)
  Rendered /home/arturo/.rbenv/versions/2.6.6/lib/ruby/gems/2.6.0/gems/web-console-2.3.0/lib/web_console/templates/_inner_console_markup.html.erb within layouts/inlined_string (0.9ms)
  Rendered /home/arturo/.rbenv/versions/2.6.6/lib/ruby/gems/2.6.0/gems/web-console-2.3.0/lib/web_console/templates/_prompt_box_markup.html.erb within layouts/inlined_string (1.1ms)
  Rendered /home/arturo/.rbenv/versions/2.6.6/lib/ruby/gems/2.6.0/gems/web-console-2.3.0/lib/web_console/templates/style.css.erb within layouts/inlined_string (2.0ms)
  Rendered /home/arturo/.rbenv/versions/2.6.6/lib/ruby/gems/2.6.0/gems/web-console-2.3.0/lib/web_console/templates/console.js.erb within layouts/javascript (54.9ms)
  Rendered /home/arturo/.rbenv/versions/2.6.6/lib/ruby/gems/2.6.0/gems/web-console-2.3.0/lib/web_console/templates/main.js.erb within layouts/javascript (0.7ms)
  Rendered /home/arturo/.rbenv/versions/2.6.6/lib/ruby/gems/2.6.0/gems/web-console-2.3.0/lib/web_console/templates/error_page.js.erb within layouts/javascript (0.8ms)
  Rendered /home/arturo/.rbenv/versions/2.6.6/lib/ruby/gems/2.6.0/gems/web-console-2.3.0/lib/web_console/templates/index.html.erb (97.6ms)


Started GET "/" for 127.0.0.1 at 2023-12-06 07:39:18 -0500


Started GET "/movies" for 127.0.0.1 at 2023-12-06 07:39:18 -0500
Processing by MoviesController#index as HTML
Redirected to http://localhost:3000/movies?ratings%5BG%5D=1&ratings%5BPG%5D=1&ratings%5BPG-13%5D=1&ratings%5BR%5D=1&sort_by=id
Filter chain halted as :force_index_redirect rendered or redirected
Completed 302 Found in 22ms (ActiveRecord: 0.0ms)


Started GET "/movies?ratings%5BG%5D=1&ratings%5BPG%5D=1&ratings%5BPG-13%5D=1&ratings%5BR%5D=1&sort_by=id" for 127.0.0.1 at 2023-12-06 07:39:18 -0500
Processing by MoviesController#index as HTML
  Parameters: {"ratings"=>{"G"=>"1", "PG"=>"1", "PG-13"=>"1", "R"=>"1"}, "sort_by"=>"id"}
  [1m[36mMovie Load (0.4ms)[0m  [1mSELECT "movies".* FROM "movies" WHERE "movies"."rating" IN ('G', 'PG', 'PG-13', 'R')  ORDER BY id[0m
  Rendered movies/index.html.erb within layouts/application (28.0ms)
  Rendered layouts/_flash.erb (1.1ms)
Completed 200 OK in 673ms (Views: 592.1ms | ActiveRecord: 5.0ms)


Started GET "/movies/9999" for 127.0.0.1 at 2023-12-06 07:39:30 -0500
Processing by MoviesController#show as HTML
  Parameters: {"id"=>"9999"}
  [1m[35mMovie Load (0.7ms)[0m  SELECT  "movies".* FROM "movies" WHERE "movies"."id" = ? LIMIT 1  [["id", 9999]]
Redirected to http://localhost:3000/movies
Completed 302 Found in 11ms (ActiveRecord: 0.7ms)


Started GET "/movies" for 127.0.0.1 at 2023-12-06 07:39:30 -0500
Processing by MoviesController#index as HTML
Redirected to http://localhost:3000/movies?ratings%5BG%5D=1&ratings%5BPG%5D=1&ratings%5BPG-13%5D=1&ratings%5BR%5D=1&sort_by=id
Filter chain halted as :force_index_redirect rendered or redirected
Completed 302 Found in 2ms (ActiveRecord: 0.0ms)


Started GET "/movies?ratings%5BG%5D=1&ratings%5BPG%5D=1&ratings%5BPG-13%5D=1&ratings%5BR%5D=1&sort_by=id" for 127.0.0.1 at 2023-12-06 07:39:30 -0500
Processing by MoviesController#index as HTML
  Parameters: {"ratings"=>{"G"=>"1", "PG"=>"1", "PG-13"=>"1", "R"=>"1"}, "sort_by"=>"id"}
  [1m[36mMovie Load (0.7ms)[0m  [1mSELECT "movies".* FROM "movies" WHERE "movies"."rating" IN ('G', 'PG', 'PG-13', 'R')  ORDER BY id[0m
  Rendered movies/index.html.erb within layouts/application (9.7ms)
  Rendered layouts/_flash.erb (0.3ms)
Completed 200 OK in 73ms (Views: 67.8ms | ActiveRecord: 0.7ms)


Started GET "/movies?ratings%5BG%5D=1&ratings%5BPG%5D=1&ratings%5BPG-13%5D=1&ratings%5BR%5D=1&sort_by=id" for 127.0.0.1 at 2023-12-06 07:43:04 -0500
Processing by MoviesController#index as HTML
  Parameters: {"ratings"=>{"G"=>"1", "PG"=>"1", "PG-13"=>"1", "R"=>"1"}, "sort_by"=>"id"}
  [1m[36mMovie Load (0.4ms)[0m  [1mSELECT "movies".* FROM "movies" WHERE "movies"."rating" IN ('G', 'PG', 'PG-13', 'R')  ORDER BY id[0m
  Rendered movies/index.html.erb within layouts/application (31.8ms)
  Rendered layouts/_flash.erb (3.8ms)
Completed 200 OK in 742ms (Views: 640.7ms | ActiveRecord: 6.0ms)


Started GET "/movies/9999" for 127.0.0.1 at 2023-12-06 07:43:17 -0500
Processing by MoviesController#show as HTML
  Parameters: {"id"=>"9999"}
  [1m[35mMovie Load (0.4ms)[0m  SELECT  "movies".* FROM "movies" WHERE "movies"."id" = ? LIMIT 1  [["id", 9999]]
Redirected to http://localhost:3000/movies
Completed 302 Found in 13ms (ActiveRecord: 0.4ms)


Started GET "/movies" for 127.0.0.1 at 2023-12-06 07:43:17 -0500
Processing by MoviesController#index as HTML
Redirected to http://localhost:3000/movies?ratings%5BG%5D=1&ratings%5BPG%5D=1&ratings%5BPG-13%5D=1&ratings%5BR%5D=1&sort_by=id
Filter chain halted as :force_index_redirect rendered or redirected
Completed 302 Found in 6ms (ActiveRecord: 0.0ms)


Started GET "/movies?ratings%5BG%5D=1&ratings%5BPG%5D=1&ratings%5BPG-13%5D=1&ratings%5BR%5D=1&sort_by=id" for 127.0.0.1 at 2023-12-06 07:43:17 -0500
Processing by MoviesController#index as HTML
  Parameters: {"ratings"=>{"G"=>"1", "PG"=>"1", "PG-13"=>"1", "R"=>"1"}, "sort_by"=>"id"}
  [1m[36mMovie Load (0.5ms)[0m  [1mSELECT "movies".* FROM "movies" WHERE "movies"."rating" IN ('G', 'PG', 'PG-13', 'R')  ORDER BY id[0m
  Rendered movies/index.html.erb within layouts/application (5.9ms)
  Rendered layouts/_flash.erb (0.1ms)
Completed 200 OK in 44ms (Views: 40.6ms | ActiveRecord: 0.5ms)


Started GET "/movies" for 127.0.0.1 at 2023-12-06 07:43:20 -0500
Processing by MoviesController#index as HTML
Redirected to http://localhost:3000/movies?ratings%5BG%5D=1&ratings%5BPG%5D=1&ratings%5BPG-13%5D=1&ratings%5BR%5D=1&sort_by=id
Filter chain halted as :force_index_redirect rendered or redirected
Completed 302 Found in 2ms (ActiveRecord: 0.0ms)


Started GET "/movies?ratings%5BG%5D=1&ratings%5BPG%5D=1&ratings%5BPG-13%5D=1&ratings%5BR%5D=1&sort_by=id" for 127.0.0.1 at 2023-12-06 07:43:20 -0500
Processing by MoviesController#index as HTML
  Parameters: {"ratings"=>{"G"=>"1", "PG"=>"1", "PG-13"=>"1", "R"=>"1"}, "sort_by"=>"id"}
  [1m[35mMovie Load (0.5ms)[0m  SELECT "movies".* FROM "movies" WHERE "movies"."rating" IN ('G', 'PG', 'PG-13', 'R')  ORDER BY id
  Rendered movies/index.html.erb within layouts/application (3.7ms)
  Rendered layouts/_flash.erb (0.1ms)
Completed 200 OK in 55ms (Views: 25.7ms | ActiveRecord: 0.5ms)


Started GET "/assets/application.self-e80e8f2318043e8af94dddc2adad5a4f09739a8ebb323b3ab31cd71d45fd9113.css?body=1" for 127.0.0.1 at 2023-12-06 07:43:20 -0500


Started GET "/assets/jquery_ujs.self-784a997f6726036b1993eb2217c9cb558e1cbb801c6da88105588c56f13b466a.js?body=1" for 127.0.0.1 at 2023-12-06 07:43:20 -0500


Started GET "/assets/jquery.self-bd7ddd393353a8d2480a622e80342adf488fb6006d667e8b42e4c0073393abee.js?body=1" for 127.0.0.1 at 2023-12-06 07:43:20 -0500


Started GET "/assets/application.self-377610cd7c1509e934744c810e3b4cf672dfbcacac3274e7d039827e2ae0fcc7.js?body=1" for 127.0.0.1 at 2023-12-06 07:43:20 -0500


Started GET "/" for 127.0.0.1 at 2023-12-06 07:53:39 -0500


Started GET "/movies" for 127.0.0.1 at 2023-12-06 07:53:39 -0500
Processing by MoviesController#index as HTML
Redirected to http://localhost:3000/movies?ratings%5BG%5D=1&ratings%5BPG%5D=1&ratings%5BPG-13%5D=1&ratings%5BR%5D=1&sort_by=id
Filter chain halted as :force_index_redirect rendered or redirected
Completed 302 Found in 21ms (ActiveRecord: 0.0ms)


Started GET "/movies?ratings%5BG%5D=1&ratings%5BPG%5D=1&ratings%5BPG-13%5D=1&ratings%5BR%5D=1&sort_by=id" for 127.0.0.1 at 2023-12-06 07:53:39 -0500
Processing by MoviesController#index as HTML
  Parameters: {"ratings"=>{"G"=>"1", "PG"=>"1", "PG-13"=>"1", "R"=>"1"}, "sort_by"=>"id"}
  [1m[36mMovie Load (0.4ms)[0m  [1mSELECT "movies".* FROM "movies" WHERE "movies"."rating" IN ('G', 'PG', 'PG-13', 'R')  ORDER BY id[0m
  Rendered movies/index.html.erb within layouts/application (27.8ms)
  Rendered layouts/_flash.erb (1.0ms)
Completed 200 OK in 700ms (Views: 614.3ms | ActiveRecord: 4.8ms)


Started GET "/movies/231023" for 127.0.0.1 at 2023-12-06 07:53:47 -0500
Processing by MoviesController#show as HTML
  Parameters: {"id"=>"231023"}
  [1m[35mMovie Load (2.7ms)[0m  SELECT  "movies".* FROM "movies" WHERE "movies"."id" = ? LIMIT 1  [["id", 231023]]
Redirected to http://localhost:3000/movies
Completed 302 Found in 11ms (ActiveRecord: 2.7ms)


Started GET "/movies" for 127.0.0.1 at 2023-12-06 07:53:47 -0500
Processing by MoviesController#index as HTML
Redirected to http://localhost:3000/movies?ratings%5BG%5D=1&ratings%5BPG%5D=1&ratings%5BPG-13%5D=1&ratings%5BR%5D=1&sort_by=id
Filter chain halted as :force_index_redirect rendered or redirected
Completed 302 Found in 2ms (ActiveRecord: 0.0ms)


Started GET "/movies?ratings%5BG%5D=1&ratings%5BPG%5D=1&ratings%5BPG-13%5D=1&ratings%5BR%5D=1&sort_by=id" for 127.0.0.1 at 2023-12-06 07:53:47 -0500
Processing by MoviesController#index as HTML
  Parameters: {"ratings"=>{"G"=>"1", "PG"=>"1", "PG-13"=>"1", "R"=>"1"}, "sort_by"=>"id"}
  [1m[36mMovie Load (0.5ms)[0m  [1mSELECT "movies".* FROM "movies" WHERE "movies"."rating" IN ('G', 'PG', 'PG-13', 'R')  ORDER BY id[0m
  Rendered movies/index.html.erb within layouts/application (6.5ms)
  Rendered layouts/_flash.erb (0.1ms)
Completed 200 OK in 49ms (Views: 46.7ms | ActiveRecord: 0.5ms)
  [1m[36mActiveRecord::SchemaMigration Load (0.2ms)[0m  [1mSELECT "schema_migrations".* FROM "schema_migrations"[0m
  [1m[35m (0.1ms)[0m  begin transaction
  [1m[36mSQL (0.5ms)[0m  [1mINSERT INTO "movies" ("title", "rating", "release_date", "created_at", "updated_at") VALUES (?, ?, ?, ?, ?)[0m  [["title", "Aladdin"], ["rating", "G"], ["release_date", "1992-11-25 00:00:00.000000"], ["created_at", "2023-12-06 13:19:59.656899"], ["updated_at", "2023-12-06 13:19:59.656899"]]
  [1m[35m (8.3ms)[0m  commit transaction
  [1m[36m (0.1ms)[0m  [1mbegin transaction[0m
  [1m[35mSQL (0.4ms)[0m  INSERT INTO "movies" ("title", "rating", "release_date", "created_at", "updated_at") VALUES (?, ?, ?, ?, ?)  [["title", "The Terminator"], ["rating", "R"], ["release_date", "1984-10-26 00:00:00.000000"], ["created_at", "2023-12-06 13:19:59.669003"], ["updated_at", "2023-12-06 13:19:59.669003"]]
  [1m[36m (5.7ms)[0m  [1mcommit transaction[0m
  [1m[35m (0.1ms)[0m  begin transaction
  [1m[36mSQL (0.4ms)[0m  [1mINSERT INTO "movies" ("title", "rating", "release_date", "created_at", "updated_at") VALUES (?, ?, ?, ?, ?)[0m  [["title", "When Harry Met Sally"], ["rating", "R"], ["release_date", "1989-07-21 00:00:00.000000"], ["created_at", "2023-12-06 13:19:59.678245"], ["updated_at", "2023-12-06 13:19:59.678245"]]
  [1m[35m (6.2ms)[0m  commit transaction
  [1m[36m (0.1ms)[0m  [1mbegin transaction[0m
  [1m[35mSQL (0.4ms)[0m  INSERT INTO "movies" ("title", "rating", "release_date", "created_at", "updated_at") VALUES (?, ?, ?, ?, ?)  [["title", "The Help"], ["rating", "PG-13"], ["release_date", "2011-08-10 00:00:00.000000"], ["created_at", "2023-12-06 13:19:59.687698"], ["updated_at", "2023-12-06 13:19:59.687698"]]
  [1m[36m (5.7ms)[0m  [1mcommit transaction[0m
  [1m[35m (0.1ms)[0m  begin transaction
  [1m[36mSQL (0.4ms)[0m  [1mINSERT INTO "movies" ("title", "rating", "release_date", "created_at", "updated_at") VALUES (?, ?, ?, ?, ?)[0m  [["title", "Chocolat"], ["rating", "PG-13"], ["release_date", "2001-01-05 00:00:00.000000"], ["created_at", "2023-12-06 13:19:59.696703"], ["updated_at", "2023-12-06 13:19:59.696703"]]
  [1m[35m (6.3ms)[0m  commit transaction
  [1m[36m (0.1ms)[0m  [1mbegin transaction[0m
  [1m[35mSQL (0.4ms)[0m  INSERT INTO "movies" ("title", "rating", "release_date", "created_at", "updated_at") VALUES (?, ?, ?, ?, ?)  [["title", "Amelie"], ["rating", "R"], ["release_date", "2001-04-25 00:00:00.000000"], ["created_at", "2023-12-06 13:19:59.706292"], ["updated_at", "2023-12-06 13:19:59.706292"]]
  [1m[36m (6.4ms)[0m  [1mcommit transaction[0m
  [1m[35m (0.1ms)[0m  begin transaction
  [1m[36mSQL (0.4ms)[0m  [1mINSERT INTO "movies" ("title", "rating", "release_date", "created_at", "updated_at") VALUES (?, ?, ?, ?, ?)[0m  [["title", "2001: A Space Odyssey"], ["rating", "G"], ["release_date", "1968-04-06 00:00:00.000000"], ["created_at", "2023-12-06 13:19:59.715979"], ["updated_at", "2023-12-06 13:19:59.715979"]]
  [1m[35m (4.8ms)[0m  commit transaction
  [1m[36m (0.2ms)[0m  [1mbegin transaction[0m
  [1m[35mSQL (0.4ms)[0m  INSERT INTO "movies" ("title", "rating", "release_date", "created_at", "updated_at") VALUES (?, ?, ?, ?, ?)  [["title", "The Incredibles"], ["rating", "PG"], ["release_date", "2004-11-05 00:00:00.000000"], ["created_at", "2023-12-06 13:19:59.723872"], ["updated_at", "2023-12-06 13:19:59.723872"]]
  [1m[36m (6.3ms)[0m  [1mcommit transaction[0m
  [1m[35m (0.1ms)[0m  begin transaction
  [1m[36mSQL (0.4ms)[0m  [1mINSERT INTO "movies" ("title", "rating", "release_date", "created_at", "updated_at") VALUES (?, ?, ?, ?, ?)[0m  [["title", "Raiders of the Lost Ark"], ["rating", "PG"], ["release_date", "1981-06-12 00:00:00.000000"], ["created_at", "2023-12-06 13:19:59.733327"], ["updated_at", "2023-12-06 13:19:59.733327"]]
  [1m[35m (5.5ms)[0m  commit transaction
  [1m[36m (0.1ms)[0m  [1mbegin transaction[0m
  [1m[35mSQL (0.4ms)[0m  INSERT INTO "movies" ("title", "rating", "release_date", "created_at", "updated_at") VALUES (?, ?, ?, ?, ?)  [["title", "Chicken Run"], ["rating", "G"], ["release_date", "2000-06-21 00:00:00.000000"], ["created_at", "2023-12-06 13:19:59.742231"], ["updated_at", "2023-12-06 13:19:59.742231"]]
  [1m[36m (5.6ms)[0m  [1mcommit transaction[0m


Started GET "/" for 127.0.0.1 at 2023-12-06 08:20:18 -0500


Started GET "/movies" for 127.0.0.1 at 2023-12-06 08:20:18 -0500
Processing by MoviesController#index as HTML
Redirected to http://localhost:3000/movies?ratings%5BG%5D=1&ratings%5BPG%5D=1&ratings%5BPG-13%5D=1&ratings%5BR%5D=1&sort_by=id
Filter chain halted as :force_index_redirect rendered or redirected
Completed 302 Found in 21ms (ActiveRecord: 0.0ms)


Started GET "/movies?ratings%5BG%5D=1&ratings%5BPG%5D=1&ratings%5BPG-13%5D=1&ratings%5BR%5D=1&sort_by=id" for 127.0.0.1 at 2023-12-06 08:20:19 -0500
Processing by MoviesController#index as HTML
  Parameters: {"ratings"=>{"G"=>"1", "PG"=>"1", "PG-13"=>"1", "R"=>"1"}, "sort_by"=>"id"}
  [1m[36mMovie Load (0.7ms)[0m  [1mSELECT "movies".* FROM "movies" WHERE "movies"."rating" IN ('G', 'PG', 'PG-13', 'R')  ORDER BY id[0m
  Rendered movies/index.html.erb within layouts/application (47.3ms)
  Rendered layouts/_flash.erb (1.5ms)
Completed 200 OK in 758ms (Views: 673.6ms | ActiveRecord: 6.0ms)


Started GET "/movies?utf8=%E2%9C%93&sort_by=id&ratings%5BG%5D=1&ratings%5BPG%5D=1&ratings%5BPG-13%5D=1&commit=Refresh" for 127.0.0.1 at 2023-12-06 08:20:23 -0500
Processing by MoviesController#index as HTML
  Parameters: {"utf8"=>"✓", "sort_by"=>"id", "ratings"=>{"G"=>"1", "PG"=>"1", "PG-13"=>"1"}, "commit"=>"Refresh"}
  [1m[35mMovie Load (0.8ms)[0m  SELECT "movies".* FROM "movies" WHERE "movies"."rating" IN ('G', 'PG', 'PG-13')  ORDER BY id
  Rendered movies/index.html.erb within layouts/application (12.1ms)
  Rendered layouts/_flash.erb (0.1ms)
Completed 200 OK in 50ms (Views: 46.4ms | ActiveRecord: 0.8ms)


Started GET "/movies?utf8=%E2%9C%93&sort_by=id&ratings%5BG%5D=1&ratings%5BPG%5D=1&commit=Refresh" for 127.0.0.1 at 2023-12-06 08:20:26 -0500
Processing by MoviesController#index as HTML
  Parameters: {"utf8"=>"✓", "sort_by"=>"id", "ratings"=>{"G"=>"1", "PG"=>"1"}, "commit"=>"Refresh"}
  [1m[36mMovie Load (0.5ms)[0m  [1mSELECT "movies".* FROM "movies" WHERE "movies"."rating" IN ('G', 'PG')  ORDER BY id[0m
  Rendered movies/index.html.erb within layouts/application (7.8ms)
  Rendered layouts/_flash.erb (0.1ms)
Completed 200 OK in 40ms (Views: 35.4ms | ActiveRecord: 0.5ms)


Started GET "/movies?utf8=%E2%9C%93&sort_by=id&ratings%5BG%5D=1&ratings%5BPG%5D=1&ratings%5BPG-13%5D=1&ratings%5BR%5D=1&commit=Refresh" for 127.0.0.1 at 2023-12-06 08:20:30 -0500
Processing by MoviesController#index as HTML
  Parameters: {"utf8"=>"✓", "sort_by"=>"id", "ratings"=>{"G"=>"1", "PG"=>"1", "PG-13"=>"1", "R"=>"1"}, "commit"=>"Refresh"}
  [1m[35mMovie Load (0.7ms)[0m  SELECT "movies".* FROM "movies" WHERE "movies"."rating" IN ('G', 'PG', 'PG-13', 'R')  ORDER BY id
  Rendered movies/index.html.erb within layouts/application (9.4ms)
  Rendered layouts/_flash.erb (0.1ms)
Completed 200 OK in 32ms (Views: 29.7ms | ActiveRecord: 0.7ms)


Started GET "/movies?utf8=%E2%9C%93&sort_by=id&ratings%5BG%5D=1&ratings%5BR%5D=1&commit=Refresh" for 127.0.0.1 at 2023-12-06 08:20:36 -0500
Processing by MoviesController#index as HTML
  Parameters: {"utf8"=>"✓", "sort_by"=>"id", "ratings"=>{"G"=>"1", "R"=>"1"}, "commit"=>"Refresh"}
  [1m[36mMovie Load (0.7ms)[0m  [1mSELECT "movies".* FROM "movies" WHERE "movies"."rating" IN ('G', 'R')  ORDER BY id[0m
  Rendered movies/index.html.erb within layouts/application (8.0ms)
  Rendered layouts/_flash.erb (0.1ms)
Completed 200 OK in 31ms (Views: 29.2ms | ActiveRecord: 0.7ms)


Started GET "/movies?utf8=%E2%9C%93&sort_by=id&ratings%5BG%5D=1&ratings%5BPG%5D=1&ratings%5BPG-13%5D=1&ratings%5BR%5D=1&commit=Refresh" for 127.0.0.1 at 2023-12-06 08:20:44 -0500
Processing by MoviesController#index as HTML
  Parameters: {"utf8"=>"✓", "sort_by"=>"id", "ratings"=>{"G"=>"1", "PG"=>"1", "PG-13"=>"1", "R"=>"1"}, "commit"=>"Refresh"}
  [1m[35mMovie Load (0.8ms)[0m  SELECT "movies".* FROM "movies" WHERE "movies"."rating" IN ('G', 'PG', 'PG-13', 'R')  ORDER BY id
  Rendered movies/index.html.erb within layouts/application (10.3ms)
  Rendered layouts/_flash.erb (0.1ms)
Completed 200 OK in 34ms (Views: 32.2ms | ActiveRecord: 0.8ms)
  [1m[36m (9.1ms)[0m  [1mDROP TABLE "movies"[0m
  [1m[35m (6.1ms)[0m  CREATE TABLE "movies" ("id" INTEGER PRIMARY KEY AUTOINCREMENT NOT NULL, "title" varchar, "rating" varchar, "description" text, "release_date" datetime, "created_at" datetime, "updated_at" datetime) 
  [1m[36m (0.2ms)[0m  [1mSELECT version FROM "schema_migrations"[0m
  [1m[35m (6.4ms)[0m  DROP TABLE "movies"
  [1m[36m (6.6ms)[0m  [1mCREATE TABLE "movies" ("id" INTEGER PRIMARY KEY AUTOINCREMENT NOT NULL, "title" varchar, "rating" varchar, "description" text, "release_date" datetime, "created_at" datetime, "updated_at" datetime) [0m
  [1m[35m (0.2ms)[0m  SELECT version FROM "schema_migrations"
  [1m[36mActiveRecord::SchemaMigration Load (0.2ms)[0m  [1mSELECT "schema_migrations".* FROM "schema_migrations"[0m
  [1m[35m (0.1ms)[0m  begin transaction
  [1m[36mSQL (0.6ms)[0m  [1mINSERT INTO "movies" ("title", "rating", "release_date", "created_at", "updated_at") VALUES (?, ?, ?, ?, ?)[0m  [["title", "Aladdin"], ["rating", "G"], ["release_date", "1992-11-25 00:00:00.000000"], ["created_at", "2023-12-13 03:40:56.479359"], ["updated_at", "2023-12-13 03:40:56.479359"]]
  [1m[35m (6.3ms)[0m  commit transaction
  [1m[36m (0.1ms)[0m  [1mbegin transaction[0m
  [1m[35mSQL (0.4ms)[0m  INSERT INTO "movies" ("title", "rating", "release_date", "created_at", "updated_at") VALUES (?, ?, ?, ?, ?)  [["title", "The Terminator"], ["rating", "R"], ["release_date", "1984-10-26 00:00:00.000000"], ["created_at", "2023-12-13 03:40:56.490113"], ["updated_at", "2023-12-13 03:40:56.490113"]]
  [1m[36m (6.2ms)[0m  [1mcommit transaction[0m
  [1m[35m (0.1ms)[0m  begin transaction
  [1m[36mSQL (0.4ms)[0m  [1mINSERT INTO "movies" ("title", "rating", "release_date", "created_at", "updated_at") VALUES (?, ?, ?, ?, ?)[0m  [["title", "When Harry Met Sally"], ["rating", "R"], ["release_date", "1989-07-21 00:00:00.000000"], ["created_at", "2023-12-13 03:40:56.499909"], ["updated_at", "2023-12-13 03:40:56.499909"]]
  [1m[35m (5.1ms)[0m  commit transaction
  [1m[36m (0.1ms)[0m  [1mbegin transaction[0m
  [1m[35mSQL (0.4ms)[0m  INSERT INTO "movies" ("title", "rating", "release_date", "created_at", "updated_at") VALUES (?, ?, ?, ?, ?)  [["title", "The Help"], ["rating", "PG-13"], ["release_date", "2011-08-10 00:00:00.000000"], ["created_at", "2023-12-13 03:40:56.508514"], ["updated_at", "2023-12-13 03:40:56.508514"]]
  [1m[36m (6.6ms)[0m  [1mcommit transaction[0m
  [1m[35m (0.1ms)[0m  begin transaction
  [1m[36mSQL (0.4ms)[0m  [1mINSERT INTO "movies" ("title", "rating", "release_date", "created_at", "updated_at") VALUES (?, ?, ?, ?, ?)[0m  [["title", "Chocolat"], ["rating", "PG-13"], ["release_date", "2001-01-05 00:00:00.000000"], ["created_at", "2023-12-13 03:40:56.518438"], ["updated_at", "2023-12-13 03:40:56.518438"]]
  [1m[35m (5.5ms)[0m  commit transaction
  [1m[36m (0.1ms)[0m  [1mbegin transaction[0m
  [1m[35mSQL (0.4ms)[0m  INSERT INTO "movies" ("title", "rating", "release_date", "created_at", "updated_at") VALUES (?, ?, ?, ?, ?)  [["title", "Amelie"], ["rating", "R"], ["release_date", "2001-04-25 00:00:00.000000"], ["created_at", "2023-12-13 03:40:56.527394"], ["updated_at", "2023-12-13 03:40:56.527394"]]
  [1m[36m (6.8ms)[0m  [1mcommit transaction[0m
  [1m[35m (0.1ms)[0m  begin transaction
  [1m[36mSQL (0.4ms)[0m  [1mINSERT INTO "movies" ("title", "rating", "release_date", "created_at", "updated_at") VALUES (?, ?, ?, ?, ?)[0m  [["title", "2001: A Space Odyssey"], ["rating", "G"], ["release_date", "1968-04-06 00:00:00.000000"], ["created_at", "2023-12-13 03:40:56.537824"], ["updated_at", "2023-12-13 03:40:56.537824"]]
  [1m[35m (5.9ms)[0m  commit transaction
  [1m[36m (0.1ms)[0m  [1mbegin transaction[0m
  [1m[35mSQL (0.4ms)[0m  INSERT INTO "movies" ("title", "rating", "release_date", "created_at", "updated_at") VALUES (?, ?, ?, ?, ?)  [["title", "The Incredibles"], ["rating", "PG"], ["release_date", "2004-11-05 00:00:00.000000"], ["created_at", "2023-12-13 03:40:56.547425"], ["updated_at", "2023-12-13 03:40:56.547425"]]
  [1m[36m (5.6ms)[0m  [1mcommit transaction[0m
  [1m[35m (0.1ms)[0m  begin transaction
  [1m[36mSQL (0.4ms)[0m  [1mINSERT INTO "movies" ("title", "rating", "release_date", "created_at", "updated_at") VALUES (?, ?, ?, ?, ?)[0m  [["title", "Raiders of the Lost Ark"], ["rating", "PG"], ["release_date", "1981-06-12 00:00:00.000000"], ["created_at", "2023-12-13 03:40:56.556473"], ["updated_at", "2023-12-13 03:40:56.556473"]]
  [1m[35m (6.5ms)[0m  commit transaction
  [1m[36m (0.1ms)[0m  [1mbegin transaction[0m
  [1m[35mSQL (0.4ms)[0m  INSERT INTO "movies" ("title", "rating", "release_date", "created_at", "updated_at") VALUES (?, ?, ?, ?, ?)  [["title", "Chicken Run"], ["rating", "G"], ["release_date", "2000-06-21 00:00:00.000000"], ["created_at", "2023-12-13 03:40:56.566521"], ["updated_at", "2023-12-13 03:40:56.566521"]]
  [1m[36m (5.8ms)[0m  [1mcommit transaction[0m
  [1m[36m (24.8ms)[0m  [1mDROP TABLE "movies"[0m
  [1m[35m (7.0ms)[0m  CREATE TABLE "movies" ("id" INTEGER PRIMARY KEY AUTOINCREMENT NOT NULL, "title" varchar, "rating" varchar, "description" text, "release_date" datetime, "created_at" datetime, "updated_at" datetime) 
  [1m[36m (0.2ms)[0m  [1mSELECT version FROM "schema_migrations"[0m
  [1m[35m (25.9ms)[0m  DROP TABLE "movies"
  [1m[36m (6.2ms)[0m  [1mCREATE TABLE "movies" ("id" INTEGER PRIMARY KEY AUTOINCREMENT NOT NULL, "title" varchar, "rating" varchar, "description" text, "release_date" datetime, "created_at" datetime, "updated_at" datetime) [0m
  [1m[35m (0.3ms)[0m  SELECT version FROM "schema_migrations"
  [1m[36mActiveRecord::SchemaMigration Load (0.3ms)[0m  [1mSELECT "schema_migrations".* FROM "schema_migrations"[0m
  [1m[35m (0.2ms)[0m  begin transaction
  [1m[36mSQL (0.7ms)[0m  [1mINSERT INTO "movies" ("title", "rating", "release_date", "created_at", "updated_at") VALUES (?, ?, ?, ?, ?)[0m  [["title", "Aladdin"], ["rating", "G"], ["release_date", "1992-11-25 00:00:00.000000"], ["created_at", "2023-12-13 03:41:12.645004"], ["updated_at", "2023-12-13 03:41:12.645004"]]
  [1m[35m (25.4ms)[0m  commit transaction
  [1m[36m (0.1ms)[0m  [1mbegin transaction[0m
  [1m[35mSQL (0.5ms)[0m  INSERT INTO "movies" ("title", "rating", "release_date", "created_at", "updated_at") VALUES (?, ?, ?, ?, ?)  [["title", "The Terminator"], ["rating", "R"], ["release_date", "1984-10-26 00:00:00.000000"], ["created_at", "2023-12-13 03:41:12.675654"], ["updated_at", "2023-12-13 03:41:12.675654"]]
  [1m[36m (5.3ms)[0m  [1mcommit transaction[0m
  [1m[35m (0.1ms)[0m  begin transaction
  [1m[36mSQL (0.5ms)[0m  [1mINSERT INTO "movies" ("title", "rating", "release_date", "created_at", "updated_at") VALUES (?, ?, ?, ?, ?)[0m  [["title", "When Harry Met Sally"], ["rating", "R"], ["release_date", "1989-07-21 00:00:00.000000"], ["created_at", "2023-12-13 03:41:12.684820"], ["updated_at", "2023-12-13 03:41:12.684820"]]
  [1m[35m (7.0ms)[0m  commit transaction
  [1m[36m (0.1ms)[0m  [1mbegin transaction[0m
  [1m[35mSQL (0.5ms)[0m  INSERT INTO "movies" ("title", "rating", "release_date", "created_at", "updated_at") VALUES (?, ?, ?, ?, ?)  [["title", "The Help"], ["rating", "PG-13"], ["release_date", "2011-08-10 00:00:00.000000"], ["created_at", "2023-12-13 03:41:12.696140"], ["updated_at", "2023-12-13 03:41:12.696140"]]
  [1m[36m (6.6ms)[0m  [1mcommit transaction[0m
  [1m[35m (0.2ms)[0m  begin transaction
  [1m[36mSQL (0.5ms)[0m  [1mINSERT INTO "movies" ("title", "rating", "release_date", "created_at", "updated_at") VALUES (?, ?, ?, ?, ?)[0m  [["title", "Chocolat"], ["rating", "PG-13"], ["release_date", "2001-01-05 00:00:00.000000"], ["created_at", "2023-12-13 03:41:12.707064"], ["updated_at", "2023-12-13 03:41:12.707064"]]
  [1m[35m (5.7ms)[0m  commit transaction
  [1m[36m (0.1ms)[0m  [1mbegin transaction[0m
  [1m[35mSQL (1.5ms)[0m  INSERT INTO "movies" ("title", "rating", "release_date", "created_at", "updated_at") VALUES (?, ?, ?, ?, ?)  [["title", "Amelie"], ["rating", "R"], ["release_date", "2001-04-25 00:00:00.000000"], ["created_at", "2023-12-13 03:41:12.717877"], ["updated_at", "2023-12-13 03:41:12.717877"]]
  [1m[36m (6.4ms)[0m  [1mcommit transaction[0m
  [1m[35m (0.1ms)[0m  begin transaction
  [1m[36mSQL (0.7ms)[0m  [1mINSERT INTO "movies" ("title", "rating", "release_date", "created_at", "updated_at") VALUES (?, ?, ?, ?, ?)[0m  [["title", "2001: A Space Odyssey"], ["rating", "G"], ["release_date", "1968-04-06 00:00:00.000000"], ["created_at", "2023-12-13 03:41:12.729854"], ["updated_at", "2023-12-13 03:41:12.729854"]]
  [1m[35m (6.6ms)[0m  commit transaction
  [1m[36m (0.2ms)[0m  [1mbegin transaction[0m
  [1m[35mSQL (0.5ms)[0m  INSERT INTO "movies" ("title", "rating", "release_date", "created_at", "updated_at") VALUES (?, ?, ?, ?, ?)  [["title", "The Incredibles"], ["rating", "PG"], ["release_date", "2004-11-05 00:00:00.000000"], ["created_at", "2023-12-13 03:41:12.740677"], ["updated_at", "2023-12-13 03:41:12.740677"]]
  [1m[36m (6.4ms)[0m  [1mcommit transaction[0m
  [1m[35m (0.1ms)[0m  begin transaction
  [1m[36mSQL (0.4ms)[0m  [1mINSERT INTO "movies" ("title", "rating", "release_date", "created_at", "updated_at") VALUES (?, ?, ?, ?, ?)[0m  [["title", "Raiders of the Lost Ark"], ["rating", "PG"], ["release_date", "1981-06-12 00:00:00.000000"], ["created_at", "2023-12-13 03:41:12.752218"], ["updated_at", "2023-12-13 03:41:12.752218"]]
  [1m[35m (5.3ms)[0m  commit transaction
  [1m[36m (0.1ms)[0m  [1mbegin transaction[0m
  [1m[35mSQL (0.4ms)[0m  INSERT INTO "movies" ("title", "rating", "release_date", "created_at", "updated_at") VALUES (?, ?, ?, ?, ?)  [["title", "Chicken Run"], ["rating", "G"], ["release_date", "2000-06-21 00:00:00.000000"], ["created_at", "2023-12-13 03:41:12.761510"], ["updated_at", "2023-12-13 03:41:12.761510"]]
  [1m[36m (6.8ms)[0m  [1mcommit transaction[0m


Started GET "/" for 127.0.0.1 at 2023-12-12 22:41:29 -0500


Started GET "/movies" for 127.0.0.1 at 2023-12-12 22:41:29 -0500
Processing by MoviesController#index as HTML
Redirected to http://0.0.0.0:3000/movies?ratings%5BG%5D=1&ratings%5BPG%5D=1&ratings%5BPG-13%5D=1&ratings%5BR%5D=1&sort_by=id
Filter chain halted as :force_index_redirect rendered or redirected
Completed 302 Found in 86ms (ActiveRecord: 0.0ms)


Started GET "/movies?ratings%5BG%5D=1&ratings%5BPG%5D=1&ratings%5BPG-13%5D=1&ratings%5BR%5D=1&sort_by=id" for 127.0.0.1 at 2023-12-12 22:41:29 -0500
Processing by MoviesController#index as HTML
  Parameters: {"ratings"=>{"G"=>"1", "PG"=>"1", "PG-13"=>"1", "R"=>"1"}, "sort_by"=>"id"}
  [1m[36mMovie Load (1.1ms)[0m  [1mSELECT "movies".* FROM "movies" WHERE "movies"."rating" IN ('G', 'PG', 'PG-13', 'R')  ORDER BY id[0m
  Rendered movies/index.html.erb within layouts/application (61.2ms)
  Rendered layouts/_flash.erb (0.9ms)
Completed 200 OK in 665ms (Views: 635.5ms | ActiveRecord: 8.3ms)


Started GET "/assets/application.self-e80e8f2318043e8af94dddc2adad5a4f09739a8ebb323b3ab31cd71d45fd9113.css?body=1" for 127.0.0.1 at 2023-12-12 22:41:30 -0500


Started GET "/assets/jquery.self-bd7ddd393353a8d2480a622e80342adf488fb6006d667e8b42e4c0073393abee.js?body=1" for 127.0.0.1 at 2023-12-12 22:41:30 -0500


Started GET "/assets/application.self-377610cd7c1509e934744c810e3b4cf672dfbcacac3274e7d039827e2ae0fcc7.js?body=1" for 127.0.0.1 at 2023-12-12 22:41:30 -0500


Started GET "/assets/jquery_ujs.self-784a997f6726036b1993eb2217c9cb558e1cbb801c6da88105588c56f13b466a.js?body=1" for 127.0.0.1 at 2023-12-12 22:41:30 -0500
